::1 - - [07/Feb/2022:16:44:57 +0000] "GET / HTTP/1.1" 304 - "-" "Mozilla/5.0 (Windows NT 10.0; Win64; x64) AppleWebKit/537.36 (KHTML, like Gecko) Chrome/98.0.4758.81 Safari/537.36"
::1 - - [07/Feb/2022:16:44:57 +0000] "GET /favicon.ico HTTP/1.1" 404 150 "http://localhost:8000/" "Mozilla/5.0 (Windows NT 10.0; Win64; x64) AppleWebKit/537.36 (KHTML, like Gecko) Chrome/98.0.4758.81 Safari/537.36"
::1 - - [07/Feb/2022:16:45:02 +0000] "GET /user/sign-in HTTP/1.1" 200 2028 "http://localhost:8000/" "Mozilla/5.0 (Windows NT 10.0; Win64; x64) AppleWebKit/537.36 (KHTML, like Gecko) Chrome/98.0.4758.81 Safari/537.36"
::1 - - [07/Feb/2022:16:45:07 +0000] "POST /user/create-session HTTP/1.1" 302 46 "http://localhost:8000/user/sign-in" "Mozilla/5.0 (Windows NT 10.0; Win64; x64) AppleWebKit/537.36 (KHTML, like Gecko) Chrome/98.0.4758.81 Safari/537.36"
::1 - - [07/Feb/2022:16:45:07 +0000] "GET / HTTP/1.1" 200 6515 "http://localhost:8000/user/sign-in" "Mozilla/5.0 (Windows NT 10.0; Win64; x64) AppleWebKit/537.36 (KHTML, like Gecko) Chrome/98.0.4758.81 Safari/537.36"
::1 - - [07/Feb/2022:16:45:37 +0000] "GET / HTTP/1.1" 200 6273 "http://localhost:8000/user/sign-in" "Mozilla/5.0 (Windows NT 10.0; Win64; x64) AppleWebKit/537.36 (KHTML, like Gecko) Chrome/98.0.4758.81 Safari/537.36"
::1 - - [07/Feb/2022:16:45:38 +0000] "GET / HTTP/1.1" 304 - "http://localhost:8000/user/sign-in" "Mozilla/5.0 (Windows NT 10.0; Win64; x64) AppleWebKit/537.36 (KHTML, like Gecko) Chrome/98.0.4758.81 Safari/537.36"
::1 - - [07/Feb/2022:16:45:44 +0000] "GET / HTTP/1.1" 304 - "-" "Mozilla/5.0 (Windows NT 10.0; Win64; x64) AppleWebKit/537.36 (KHTML, like Gecko) Chrome/98.0.4758.81 Safari/537.36"
::1 - - [07/Feb/2022:16:45:48 +0000] "GET /user/sign-out HTTP/1.1" 302 46 "http://localhost:8000/" "Mozilla/5.0 (Windows NT 10.0; Win64; x64) AppleWebKit/537.36 (KHTML, like Gecko) Chrome/98.0.4758.81 Safari/537.36"
::1 - - [07/Feb/2022:16:45:48 +0000] "GET / HTTP/1.1" 200 4942 "http://localhost:8000/" "Mozilla/5.0 (Windows NT 10.0; Win64; x64) AppleWebKit/537.36 (KHTML, like Gecko) Chrome/98.0.4758.81 Safari/537.36"
::1 - - [07/Feb/2022:16:45:50 +0000] "GET /user/sign-in HTTP/1.1" 304 - "http://localhost:8000/" "Mozilla/5.0 (Windows NT 10.0; Win64; x64) AppleWebKit/537.36 (KHTML, like Gecko) Chrome/98.0.4758.81 Safari/537.36"
::1 - - [07/Feb/2022:16:45:53 +0000] "POST /user/create-session HTTP/1.1" 302 70 "http://localhost:8000/user/sign-in" "Mozilla/5.0 (Windows NT 10.0; Win64; x64) AppleWebKit/537.36 (KHTML, like Gecko) Chrome/98.0.4758.81 Safari/537.36"
::1 - - [07/Feb/2022:16:45:53 +0000] "GET /user/sign-in HTTP/1.1" 200 2273 "http://localhost:8000/user/sign-in" "Mozilla/5.0 (Windows NT 10.0; Win64; x64) AppleWebKit/537.36 (KHTML, like Gecko) Chrome/98.0.4758.81 Safari/537.36"
::1 - - [07/Feb/2022:16:46:36 +0000] "GET /user/sign-in HTTP/1.1" 200 2028 "http://localhost:8000/user/sign-in" "Mozilla/5.0 (Windows NT 10.0; Win64; x64) AppleWebKit/537.36 (KHTML, like Gecko) Chrome/98.0.4758.81 Safari/537.36"
::1 - - [07/Feb/2022:16:46:41 +0000] "POST /user/create-session HTTP/1.1" 302 46 "http://localhost:8000/user/sign-in" "Mozilla/5.0 (Windows NT 10.0; Win64; x64) AppleWebKit/537.36 (KHTML, like Gecko) Chrome/98.0.4758.81 Safari/537.36"
::1 - - [07/Feb/2022:16:46:41 +0000] "GET / HTTP/1.1" 200 6515 "http://localhost:8000/user/sign-in" "Mozilla/5.0 (Windows NT 10.0; Win64; x64) AppleWebKit/537.36 (KHTML, like Gecko) Chrome/98.0.4758.81 Safari/537.36"
::1 - - [07/Feb/2022:16:50:17 +0000] "GET / HTTP/1.1" 200 6273 "http://localhost:8000/user/sign-in" "Mozilla/5.0 (Windows NT 10.0; Win64; x64) AppleWebKit/537.36 (KHTML, like Gecko) Chrome/98.0.4758.81 Safari/537.36"
::1 - - [07/Feb/2022:16:50:23 +0000] "GET /user/sign-out HTTP/1.1" 302 46 "http://localhost:8000/" "Mozilla/5.0 (Windows NT 10.0; Win64; x64) AppleWebKit/537.36 (KHTML, like Gecko) Chrome/98.0.4758.81 Safari/537.36"
::1 - - [07/Feb/2022:16:50:23 +0000] "GET / HTTP/1.1" 200 4942 "http://localhost:8000/" "Mozilla/5.0 (Windows NT 10.0; Win64; x64) AppleWebKit/537.36 (KHTML, like Gecko) Chrome/98.0.4758.81 Safari/537.36"
::1 - - [07/Feb/2022:16:50:26 +0000] "GET /user/sign-in HTTP/1.1" 304 - "http://localhost:8000/" "Mozilla/5.0 (Windows NT 10.0; Win64; x64) AppleWebKit/537.36 (KHTML, like Gecko) Chrome/98.0.4758.81 Safari/537.36"
::1 - - [07/Feb/2022:16:50:28 +0000] "GET /user/sign-up HTTP/1.1" 304 - "http://localhost:8000/user/sign-in" "Mozilla/5.0 (Windows NT 10.0; Win64; x64) AppleWebKit/537.36 (KHTML, like Gecko) Chrome/98.0.4758.81 Safari/537.36"
::1 - - [07/Feb/2022:16:50:40 +0000] "POST /user/create HTTP/1.1" 302 70 "http://localhost:8000/user/sign-up" "Mozilla/5.0 (Windows NT 10.0; Win64; x64) AppleWebKit/537.36 (KHTML, like Gecko) Chrome/98.0.4758.81 Safari/537.36"
::1 - - [07/Feb/2022:16:50:40 +0000] "GET /user/sign-in HTTP/1.1" 304 - "http://localhost:8000/user/sign-up" "Mozilla/5.0 (Windows NT 10.0; Win64; x64) AppleWebKit/537.36 (KHTML, like Gecko) Chrome/98.0.4758.81 Safari/537.36"
::1 - - [07/Feb/2022:16:50:44 +0000] "POST /user/create-session HTTP/1.1" 302 46 "http://localhost:8000/user/sign-in" "Mozilla/5.0 (Windows NT 10.0; Win64; x64) AppleWebKit/537.36 (KHTML, like Gecko) Chrome/98.0.4758.81 Safari/537.36"
::1 - - [07/Feb/2022:16:50:44 +0000] "GET / HTTP/1.1" 200 6530 "http://localhost:8000/user/sign-in" "Mozilla/5.0 (Windows NT 10.0; Win64; x64) AppleWebKit/537.36 (KHTML, like Gecko) Chrome/98.0.4758.81 Safari/537.36"
::1 - - [07/Feb/2022:16:50:50 +0000] "GET /user/profile/62012dd576e670deca6b10d6 HTTP/1.1" 200 2646 "http://localhost:8000/" "Mozilla/5.0 (Windows NT 10.0; Win64; x64) AppleWebKit/537.36 (KHTML, like Gecko) Chrome/98.0.4758.81 Safari/537.36"
::1 - - [07/Feb/2022:16:50:54 +0000] "GET /friend/add-friend/?id=62012dd576e670deca6b10d6 HTTP/1.1" 200 48 "http://localhost:8000/user/profile/62012dd576e670deca6b10d6" "Mozilla/5.0 (Windows NT 10.0; Win64; x64) AppleWebKit/537.36 (KHTML, like Gecko) Chrome/98.0.4758.81 Safari/537.36"
::1 - - [07/Feb/2022:16:50:56 +0000] "GET /friend/add-friend/?id=62012dd576e670deca6b10d6 HTTP/1.1" 200 47 "http://localhost:8000/user/profile/62012dd576e670deca6b10d6" "Mozilla/5.0 (Windows NT 10.0; Win64; x64) AppleWebKit/537.36 (KHTML, like Gecko) Chrome/98.0.4758.81 Safari/537.36"
::1 - - [07/Feb/2022:16:50:57 +0000] "GET /friend/add-friend/?id=62012dd576e670deca6b10d6 HTTP/1.1" 200 48 "http://localhost:8000/user/profile/62012dd576e670deca6b10d6" "Mozilla/5.0 (Windows NT 10.0; Win64; x64) AppleWebKit/537.36 (KHTML, like Gecko) Chrome/98.0.4758.81 Safari/537.36"
::1 - - [07/Feb/2022:16:50:58 +0000] "GET /user/sign-out HTTP/1.1" 302 46 "http://localhost:8000/user/profile/62012dd576e670deca6b10d6" "Mozilla/5.0 (Windows NT 10.0; Win64; x64) AppleWebKit/537.36 (KHTML, like Gecko) Chrome/98.0.4758.81 Safari/537.36"
::1 - - [07/Feb/2022:16:50:59 +0000] "GET / HTTP/1.1" 200 5117 "http://localhost:8000/user/profile/62012dd576e670deca6b10d6" "Mozilla/5.0 (Windows NT 10.0; Win64; x64) AppleWebKit/537.36 (KHTML, like Gecko) Chrome/98.0.4758.81 Safari/537.36"
::1 - - [07/Feb/2022:16:51:00 +0000] "GET /user/sign-in HTTP/1.1" 304 - "http://localhost:8000/" "Mozilla/5.0 (Windows NT 10.0; Win64; x64) AppleWebKit/537.36 (KHTML, like Gecko) Chrome/98.0.4758.81 Safari/537.36"
::1 - - [07/Feb/2022:16:51:04 +0000] "POST /user/create-session HTTP/1.1" 302 46 "http://localhost:8000/user/sign-in" "Mozilla/5.0 (Windows NT 10.0; Win64; x64) AppleWebKit/537.36 (KHTML, like Gecko) Chrome/98.0.4758.81 Safari/537.36"
::1 - - [07/Feb/2022:16:51:04 +0000] "GET / HTTP/1.1" 200 6973 "http://localhost:8000/user/sign-in" "Mozilla/5.0 (Windows NT 10.0; Win64; x64) AppleWebKit/537.36 (KHTML, like Gecko) Chrome/98.0.4758.81 Safari/537.36"
::1 - - [07/Feb/2022:16:51:19 +0000] "GET / HTTP/1.1" 200 6731 "-" "Mozilla/5.0 (Windows NT 10.0; Win64; x64) AppleWebKit/537.36 (KHTML, like Gecko) Chrome/98.0.4758.81 Safari/537.36"
::1 - - [07/Feb/2022:16:51:25 +0000] "GET /user/sign-out HTTP/1.1" 302 46 "http://localhost:8000/" "Mozilla/5.0 (Windows NT 10.0; Win64; x64) AppleWebKit/537.36 (KHTML, like Gecko) Chrome/98.0.4758.81 Safari/537.36"
::1 - - [07/Feb/2022:16:51:25 +0000] "GET / HTTP/1.1" 200 5117 "http://localhost:8000/" "Mozilla/5.0 (Windows NT 10.0; Win64; x64) AppleWebKit/537.36 (KHTML, like Gecko) Chrome/98.0.4758.81 Safari/537.36"
::1 - - [07/Feb/2022:16:51:27 +0000] "GET /user/sign-in HTTP/1.1" 304 - "http://localhost:8000/" "Mozilla/5.0 (Windows NT 10.0; Win64; x64) AppleWebKit/537.36 (KHTML, like Gecko) Chrome/98.0.4758.81 Safari/537.36"
::1 - - [07/Feb/2022:16:51:31 +0000] "POST /user/create-session HTTP/1.1" 302 46 "http://localhost:8000/user/sign-in" "Mozilla/5.0 (Windows NT 10.0; Win64; x64) AppleWebKit/537.36 (KHTML, like Gecko) Chrome/98.0.4758.81 Safari/537.36"
::1 - - [07/Feb/2022:16:51:31 +0000] "GET / HTTP/1.1" 200 6838 "http://localhost:8000/user/sign-in" "Mozilla/5.0 (Windows NT 10.0; Win64; x64) AppleWebKit/537.36 (KHTML, like Gecko) Chrome/98.0.4758.81 Safari/537.36"
::1 - - [08/Feb/2022:06:34:17 +0000] "GET / HTTP/1.1" 500 148 "-" "Mozilla/5.0 (Windows NT 10.0; Win64; x64) AppleWebKit/537.36 (KHTML, like Gecko) Chrome/98.0.4758.81 Safari/537.36"
::1 - - [08/Feb/2022:06:35:09 +0000] "GET / HTTP/1.1" 500 1707 "-" "Mozilla/5.0 (Windows NT 10.0; Win64; x64) AppleWebKit/537.36 (KHTML, like Gecko) Chrome/98.0.4758.81 Safari/537.36"
::1 - - [08/Feb/2022:06:37:43 +0000] "GET / HTTP/1.1" 500 2318 "-" "Mozilla/5.0 (Windows NT 10.0; Win64; x64) AppleWebKit/537.36 (KHTML, like Gecko) Chrome/98.0.4758.81 Safari/537.36"
::1 - - [08/Feb/2022:06:38:13 +0000] "GET / HTTP/1.1" 200 4892 "-" "Mozilla/5.0 (Windows NT 10.0; Win64; x64) AppleWebKit/537.36 (KHTML, like Gecko) Chrome/98.0.4758.81 Safari/537.36"
::1 - - [08/Feb/2022:06:38:13 +0000] "GET /css/header.css HTTP/1.1" 404 153 "http://localhost:8000/" "Mozilla/5.0 (Windows NT 10.0; Win64; x64) AppleWebKit/537.36 (KHTML, like Gecko) Chrome/98.0.4758.81 Safari/537.36"
::1 - - [08/Feb/2022:06:38:13 +0000] "GET /css/home.css HTTP/1.1" 404 151 "http://localhost:8000/" "Mozilla/5.0 (Windows NT 10.0; Win64; x64) AppleWebKit/537.36 (KHTML, like Gecko) Chrome/98.0.4758.81 Safari/537.36"
::1 - - [08/Feb/2022:06:38:13 +0000] "GET /css/footer.css HTTP/1.1" 404 153 "http://localhost:8000/" "Mozilla/5.0 (Windows NT 10.0; Win64; x64) AppleWebKit/537.36 (KHTML, like Gecko) Chrome/98.0.4758.81 Safari/537.36"
::1 - - [08/Feb/2022:06:38:13 +0000] "GET /css/chat_box.css HTTP/1.1" 404 155 "http://localhost:8000/" "Mozilla/5.0 (Windows NT 10.0; Win64; x64) AppleWebKit/537.36 (KHTML, like Gecko) Chrome/98.0.4758.81 Safari/537.36"
::1 - - [08/Feb/2022:06:38:13 +0000] "GET /js/home_posts_comment.js HTTP/1.1" 404 163 "http://localhost:8000/" "Mozilla/5.0 (Windows NT 10.0; Win64; x64) AppleWebKit/537.36 (KHTML, like Gecko) Chrome/98.0.4758.81 Safari/537.36"
::1 - - [08/Feb/2022:06:38:13 +0000] "GET /js/home_posts.js HTTP/1.1" 404 155 "http://localhost:8000/" "Mozilla/5.0 (Windows NT 10.0; Win64; x64) AppleWebKit/537.36 (KHTML, like Gecko) Chrome/98.0.4758.81 Safari/537.36"
::1 - - [08/Feb/2022:06:38:13 +0000] "GET /js/chat_engine.js HTTP/1.1" 404 156 "http://localhost:8000/" "Mozilla/5.0 (Windows NT 10.0; Win64; x64) AppleWebKit/537.36 (KHTML, like Gecko) Chrome/98.0.4758.81 Safari/537.36"
::1 - - [08/Feb/2022:06:38:13 +0000] "GET /js/toggle_likes.js HTTP/1.1" 404 157 "http://localhost:8000/" "Mozilla/5.0 (Windows NT 10.0; Win64; x64) AppleWebKit/537.36 (KHTML, like Gecko) Chrome/98.0.4758.81 Safari/537.36"
::1 - - [08/Feb/2022:06:38:13 +0000] "GET /css/header.css HTTP/1.1" 404 153 "http://localhost:8000/" "Mozilla/5.0 (Windows NT 10.0; Win64; x64) AppleWebKit/537.36 (KHTML, like Gecko) Chrome/98.0.4758.81 Safari/537.36"
::1 - - [08/Feb/2022:06:38:13 +0000] "GET /css/footer.css HTTP/1.1" 404 153 "http://localhost:8000/" "Mozilla/5.0 (Windows NT 10.0; Win64; x64) AppleWebKit/537.36 (KHTML, like Gecko) Chrome/98.0.4758.81 Safari/537.36"
::1 - - [08/Feb/2022:06:38:13 +0000] "GET /css/home.css HTTP/1.1" 404 151 "http://localhost:8000/" "Mozilla/5.0 (Windows NT 10.0; Win64; x64) AppleWebKit/537.36 (KHTML, like Gecko) Chrome/98.0.4758.81 Safari/537.36"
::1 - - [08/Feb/2022:06:38:13 +0000] "GET /css/chat_box.css HTTP/1.1" 404 155 "http://localhost:8000/" "Mozilla/5.0 (Windows NT 10.0; Win64; x64) AppleWebKit/537.36 (KHTML, like Gecko) Chrome/98.0.4758.81 Safari/537.36"
::1 - - [08/Feb/2022:06:38:13 +0000] "GET /js/home_posts.js HTTP/1.1" 404 155 "http://localhost:8000/" "Mozilla/5.0 (Windows NT 10.0; Win64; x64) AppleWebKit/537.36 (KHTML, like Gecko) Chrome/98.0.4758.81 Safari/537.36"
::1 - - [08/Feb/2022:06:38:13 +0000] "GET /js/toggle_likes.js HTTP/1.1" 404 157 "http://localhost:8000/" "Mozilla/5.0 (Windows NT 10.0; Win64; x64) AppleWebKit/537.36 (KHTML, like Gecko) Chrome/98.0.4758.81 Safari/537.36"
::1 - - [08/Feb/2022:06:38:13 +0000] "GET /js/chat_engine.js HTTP/1.1" 404 156 "http://localhost:8000/" "Mozilla/5.0 (Windows NT 10.0; Win64; x64) AppleWebKit/537.36 (KHTML, like Gecko) Chrome/98.0.4758.81 Safari/537.36"
::1 - - [08/Feb/2022:06:38:13 +0000] "GET /favicon.ico HTTP/1.1" 404 150 "http://localhost:8000/" "Mozilla/5.0 (Windows NT 10.0; Win64; x64) AppleWebKit/537.36 (KHTML, like Gecko) Chrome/98.0.4758.81 Safari/537.36"
::1 - - [08/Feb/2022:06:38:17 +0000] "GET /css/header.css HTTP/1.1" 404 153 "http://localhost:8000/" "Mozilla/5.0 (Windows NT 10.0; Win64; x64) AppleWebKit/537.36 (KHTML, like Gecko) Chrome/98.0.4758.81 Safari/537.36"
::1 - - [08/Feb/2022:06:38:17 +0000] "GET /css/footer.css HTTP/1.1" 404 153 "http://localhost:8000/" "Mozilla/5.0 (Windows NT 10.0; Win64; x64) AppleWebKit/537.36 (KHTML, like Gecko) Chrome/98.0.4758.81 Safari/537.36"
::1 - - [08/Feb/2022:06:38:17 +0000] "GET /css/home.css HTTP/1.1" 404 151 "http://localhost:8000/" "Mozilla/5.0 (Windows NT 10.0; Win64; x64) AppleWebKit/537.36 (KHTML, like Gecko) Chrome/98.0.4758.81 Safari/537.36"
::1 - - [08/Feb/2022:06:38:17 +0000] "GET /css/chat_box.css HTTP/1.1" 404 155 "http://localhost:8000/" "Mozilla/5.0 (Windows NT 10.0; Win64; x64) AppleWebKit/537.36 (KHTML, like Gecko) Chrome/98.0.4758.81 Safari/537.36"
::1 - - [08/Feb/2022:06:39:40 +0000] "GET / HTTP/1.1" 200 4914 "-" "Mozilla/5.0 (Windows NT 10.0; Win64; x64) AppleWebKit/537.36 (KHTML, like Gecko) Chrome/98.0.4758.81 Safari/537.36"
::1 - - [08/Feb/2022:06:39:40 +0000] "GET /css/home.css HTTP/1.1" 404 151 "http://localhost:8000/" "Mozilla/5.0 (Windows NT 10.0; Win64; x64) AppleWebKit/537.36 (KHTML, like Gecko) Chrome/98.0.4758.81 Safari/537.36"
::1 - - [08/Feb/2022:06:39:40 +0000] "GET /js/toggle_likes.js HTTP/1.1" 404 157 "http://localhost:8000/" "Mozilla/5.0 (Windows NT 10.0; Win64; x64) AppleWebKit/537.36 (KHTML, like Gecko) Chrome/98.0.4758.81 Safari/537.36"
::1 - - [08/Feb/2022:06:39:40 +0000] "GET /css/chat_box.css HTTP/1.1" 404 155 "http://localhost:8000/" "Mozilla/5.0 (Windows NT 10.0; Win64; x64) AppleWebKit/537.36 (KHTML, like Gecko) Chrome/98.0.4758.81 Safari/537.36"
::1 - - [08/Feb/2022:06:39:40 +0000] "GET /js/home_posts_comment.js HTTP/1.1" 404 163 "http://localhost:8000/" "Mozilla/5.0 (Windows NT 10.0; Win64; x64) AppleWebKit/537.36 (KHTML, like Gecko) Chrome/98.0.4758.81 Safari/537.36"
::1 - - [08/Feb/2022:06:39:40 +0000] "GET /js/chat_engine.js HTTP/1.1" 404 156 "http://localhost:8000/" "Mozilla/5.0 (Windows NT 10.0; Win64; x64) AppleWebKit/537.36 (KHTML, like Gecko) Chrome/98.0.4758.81 Safari/537.36"
::1 - - [08/Feb/2022:06:39:40 +0000] "GET /js/home_posts.js HTTP/1.1" 404 155 "http://localhost:8000/" "Mozilla/5.0 (Windows NT 10.0; Win64; x64) AppleWebKit/537.36 (KHTML, like Gecko) Chrome/98.0.4758.81 Safari/537.36"
::1 - - [08/Feb/2022:06:39:40 +0000] "GET /js/home_posts.js HTTP/1.1" 404 155 "http://localhost:8000/" "Mozilla/5.0 (Windows NT 10.0; Win64; x64) AppleWebKit/537.36 (KHTML, like Gecko) Chrome/98.0.4758.81 Safari/537.36"
::1 - - [08/Feb/2022:06:39:40 +0000] "GET /js/toggle_likes.js HTTP/1.1" 404 157 "http://localhost:8000/" "Mozilla/5.0 (Windows NT 10.0; Win64; x64) AppleWebKit/537.36 (KHTML, like Gecko) Chrome/98.0.4758.81 Safari/537.36"
::1 - - [08/Feb/2022:06:39:40 +0000] "GET /js/chat_engine.js HTTP/1.1" 404 156 "http://localhost:8000/" "Mozilla/5.0 (Windows NT 10.0; Win64; x64) AppleWebKit/537.36 (KHTML, like Gecko) Chrome/98.0.4758.81 Safari/537.36"
[0mGET / [32m200[0m 63.392 ms - 2984[0m
::1 - - [08/Feb/2022:06:42:17 +0000] "GET / HTTP/1.1" 200 4914 "-" "Mozilla/5.0 (Windows NT 10.0; Win64; x64) AppleWebKit/537.36 (KHTML, like Gecko) Chrome/98.0.4758.81 Safari/537.36"
::1 - - [08/Feb/2022:06:42:17 +0000] "GET /css/home.css HTTP/1.1" 404 151 "http://localhost:8000/" "Mozilla/5.0 (Windows NT 10.0; Win64; x64) AppleWebKit/537.36 (KHTML, like Gecko) Chrome/98.0.4758.81 Safari/537.36"
::1 - - [08/Feb/2022:06:42:17 +0000] "GET /js/home_posts.js HTTP/1.1" 404 155 "http://localhost:8000/" "Mozilla/5.0 (Windows NT 10.0; Win64; x64) AppleWebKit/537.36 (KHTML, like Gecko) Chrome/98.0.4758.81 Safari/537.36"
::1 - - [08/Feb/2022:06:42:17 +0000] "GET /js/home_posts_comment.js HTTP/1.1" 404 163 "http://localhost:8000/" "Mozilla/5.0 (Windows NT 10.0; Win64; x64) AppleWebKit/537.36 (KHTML, like Gecko) Chrome/98.0.4758.81 Safari/537.36"
::1 - - [08/Feb/2022:06:42:17 +0000] "GET /css/chat_box.css HTTP/1.1" 404 155 "http://localhost:8000/" "Mozilla/5.0 (Windows NT 10.0; Win64; x64) AppleWebKit/537.36 (KHTML, like Gecko) Chrome/98.0.4758.81 Safari/537.36"
::1 - - [08/Feb/2022:06:42:17 +0000] "GET /js/toggle_likes.js HTTP/1.1" 404 157 "http://localhost:8000/" "Mozilla/5.0 (Windows NT 10.0; Win64; x64) AppleWebKit/537.36 (KHTML, like Gecko) Chrome/98.0.4758.81 Safari/537.36"
::1 - - [08/Feb/2022:06:42:17 +0000] "GET /js/chat_engine.js HTTP/1.1" 404 156 "http://localhost:8000/" "Mozilla/5.0 (Windows NT 10.0; Win64; x64) AppleWebKit/537.36 (KHTML, like Gecko) Chrome/98.0.4758.81 Safari/537.36"
::1 - - [08/Feb/2022:06:42:17 +0000] "GET /js/toggle_likes.js HTTP/1.1" 404 157 "http://localhost:8000/" "Mozilla/5.0 (Windows NT 10.0; Win64; x64) AppleWebKit/537.36 (KHTML, like Gecko) Chrome/98.0.4758.81 Safari/537.36"
::1 - - [08/Feb/2022:06:42:17 +0000] "GET /js/chat_engine.js HTTP/1.1" 404 156 "http://localhost:8000/" "Mozilla/5.0 (Windows NT 10.0; Win64; x64) AppleWebKit/537.36 (KHTML, like Gecko) Chrome/98.0.4758.81 Safari/537.36"
::1 - - [08/Feb/2022:06:48:17 +0000] "GET / HTTP/1.1" 500 1969 "-" "Mozilla/5.0 (Windows NT 10.0; Win64; x64) AppleWebKit/537.36 (KHTML, like Gecko) Chrome/98.0.4758.81 Safari/537.36"
::1 - - [08/Feb/2022:06:48:31 +0000] "GET / HTTP/1.1" 200 4889 "-" "Mozilla/5.0 (Windows NT 10.0; Win64; x64) AppleWebKit/537.36 (KHTML, like Gecko) Chrome/98.0.4758.81 Safari/537.36"
::1 - - [08/Feb/2022:06:48:31 +0000] "GET /css/chat_box.css HTTP/1.1" 404 155 "http://localhost:8000/" "Mozilla/5.0 (Windows NT 10.0; Win64; x64) AppleWebKit/537.36 (KHTML, like Gecko) Chrome/98.0.4758.81 Safari/537.36"
::1 - - [08/Feb/2022:06:48:31 +0000] "GET /undefined HTTP/1.1" 404 148 "http://localhost:8000/" "Mozilla/5.0 (Windows NT 10.0; Win64; x64) AppleWebKit/537.36 (KHTML, like Gecko) Chrome/98.0.4758.81 Safari/537.36"
::1 - - [08/Feb/2022:06:48:31 +0000] "GET /css/chat_box.css HTTP/1.1" 404 155 "http://localhost:8000/" "Mozilla/5.0 (Windows NT 10.0; Win64; x64) AppleWebKit/537.36 (KHTML, like Gecko) Chrome/98.0.4758.81 Safari/537.36"
::1 - - [08/Feb/2022:06:48:31 +0000] "GET /undefined HTTP/1.1" 404 148 "http://localhost:8000/" "Mozilla/5.0 (Windows NT 10.0; Win64; x64) AppleWebKit/537.36 (KHTML, like Gecko) Chrome/98.0.4758.81 Safari/537.36"
::1 - - [08/Feb/2022:06:48:31 +0000] "GET /undefined HTTP/1.1" 404 148 "http://localhost:8000/" "Mozilla/5.0 (Windows NT 10.0; Win64; x64) AppleWebKit/537.36 (KHTML, like Gecko) Chrome/98.0.4758.81 Safari/537.36"
::1 - - [08/Feb/2022:06:48:31 +0000] "GET /undefined HTTP/1.1" 404 148 "http://localhost:8000/" "Mozilla/5.0 (Windows NT 10.0; Win64; x64) AppleWebKit/537.36 (KHTML, like Gecko) Chrome/98.0.4758.81 Safari/537.36"
::1 - - [08/Feb/2022:06:48:31 +0000] "GET /undefined HTTP/1.1" 404 148 "http://localhost:8000/" "Mozilla/5.0 (Windows NT 10.0; Win64; x64) AppleWebKit/537.36 (KHTML, like Gecko) Chrome/98.0.4758.81 Safari/537.36"
::1 - - [08/Feb/2022:06:48:36 +0000] "GET /css/chat_box.css HTTP/1.1" 404 155 "http://localhost:8000/" "Mozilla/5.0 (Windows NT 10.0; Win64; x64) AppleWebKit/537.36 (KHTML, like Gecko) Chrome/98.0.4758.81 Safari/537.36"
::1 - - [08/Feb/2022:06:48:51 +0000] "GET /user/profile/62012dd576e670deca6b10d6 HTTP/1.1" 302 70 "http://localhost:8000/" "Mozilla/5.0 (Windows NT 10.0; Win64; x64) AppleWebKit/537.36 (KHTML, like Gecko) Chrome/98.0.4758.81 Safari/537.36"
::1 - - [08/Feb/2022:06:48:51 +0000] "GET /user/sign-in HTTP/1.1" 200 2061 "http://localhost:8000/" "Mozilla/5.0 (Windows NT 10.0; Win64; x64) AppleWebKit/537.36 (KHTML, like Gecko) Chrome/98.0.4758.81 Safari/537.36"
::1 - - [08/Feb/2022:06:48:55 +0000] "POST /user/create-session HTTP/1.1" 302 46 "http://localhost:8000/user/sign-in" "Mozilla/5.0 (Windows NT 10.0; Win64; x64) AppleWebKit/537.36 (KHTML, like Gecko) Chrome/98.0.4758.81 Safari/537.36"
::1 - - [08/Feb/2022:06:48:55 +0000] "GET / HTTP/1.1" 200 6850 "http://localhost:8000/user/sign-in" "Mozilla/5.0 (Windows NT 10.0; Win64; x64) AppleWebKit/537.36 (KHTML, like Gecko) Chrome/98.0.4758.81 Safari/537.36"
::1 - - [08/Feb/2022:06:48:55 +0000] "GET /css/chat_box.css HTTP/1.1" 404 155 "http://localhost:8000/" "Mozilla/5.0 (Windows NT 10.0; Win64; x64) AppleWebKit/537.36 (KHTML, like Gecko) Chrome/98.0.4758.81 Safari/537.36"
::1 - - [08/Feb/2022:06:48:55 +0000] "GET /undefined HTTP/1.1" 404 148 "http://localhost:8000/" "Mozilla/5.0 (Windows NT 10.0; Win64; x64) AppleWebKit/537.36 (KHTML, like Gecko) Chrome/98.0.4758.81 Safari/537.36"
::1 - - [08/Feb/2022:06:48:55 +0000] "GET /undefined HTTP/1.1" 404 148 "http://localhost:8000/" "Mozilla/5.0 (Windows NT 10.0; Win64; x64) AppleWebKit/537.36 (KHTML, like Gecko) Chrome/98.0.4758.81 Safari/537.36"
::1 - - [08/Feb/2022:06:48:55 +0000] "GET /undefined HTTP/1.1" 404 148 "http://localhost:8000/" "Mozilla/5.0 (Windows NT 10.0; Win64; x64) AppleWebKit/537.36 (KHTML, like Gecko) Chrome/98.0.4758.81 Safari/537.36"
::1 - - [08/Feb/2022:06:48:55 +0000] "GET /undefined HTTP/1.1" 404 148 "http://localhost:8000/" "Mozilla/5.0 (Windows NT 10.0; Win64; x64) AppleWebKit/537.36 (KHTML, like Gecko) Chrome/98.0.4758.81 Safari/537.36"
::1 - - [08/Feb/2022:06:48:55 +0000] "GET /undefined HTTP/1.1" 404 148 "http://localhost:8000/" "Mozilla/5.0 (Windows NT 10.0; Win64; x64) AppleWebKit/537.36 (KHTML, like Gecko) Chrome/98.0.4758.81 Safari/537.36"
::1 - - [08/Feb/2022:06:49:33 +0000] "GET / HTTP/1.1" 200 6619 "http://localhost:8000/user/sign-in" "Mozilla/5.0 (Windows NT 10.0; Win64; x64) AppleWebKit/537.36 (KHTML, like Gecko) Chrome/98.0.4758.81 Safari/537.36"
::1 - - [08/Feb/2022:06:49:33 +0000] "GET /undefined HTTP/1.1" 404 148 "http://localhost:8000/" "Mozilla/5.0 (Windows NT 10.0; Win64; x64) AppleWebKit/537.36 (KHTML, like Gecko) Chrome/98.0.4758.81 Safari/537.36"
::1 - - [08/Feb/2022:06:49:33 +0000] "GET /undefined HTTP/1.1" 404 148 "http://localhost:8000/" "Mozilla/5.0 (Windows NT 10.0; Win64; x64) AppleWebKit/537.36 (KHTML, like Gecko) Chrome/98.0.4758.81 Safari/537.36"
::1 - - [08/Feb/2022:06:49:33 +0000] "GET /undefined HTTP/1.1" 404 148 "http://localhost:8000/" "Mozilla/5.0 (Windows NT 10.0; Win64; x64) AppleWebKit/537.36 (KHTML, like Gecko) Chrome/98.0.4758.81 Safari/537.36"
::1 - - [08/Feb/2022:06:49:33 +0000] "GET /undefined HTTP/1.1" 404 148 "http://localhost:8000/" "Mozilla/5.0 (Windows NT 10.0; Win64; x64) AppleWebKit/537.36 (KHTML, like Gecko) Chrome/98.0.4758.81 Safari/537.36"
::1 - - [08/Feb/2022:06:49:33 +0000] "GET /undefined HTTP/1.1" 404 148 "http://localhost:8000/" "Mozilla/5.0 (Windows NT 10.0; Win64; x64) AppleWebKit/537.36 (KHTML, like Gecko) Chrome/98.0.4758.81 Safari/537.36"
::1 - - [08/Feb/2022:06:50:01 +0000] "POST /post/create HTTP/1.1" 302 88 "http://localhost:8000/" "Mozilla/5.0 (Windows NT 10.0; Win64; x64) AppleWebKit/537.36 (KHTML, like Gecko) Chrome/98.0.4758.81 Safari/537.36"
::1 - - [08/Feb/2022:06:50:01 +0000] "GET / HTTP/1.1" 200 8141 "http://localhost:8000/" "Mozilla/5.0 (Windows NT 10.0; Win64; x64) AppleWebKit/537.36 (KHTML, like Gecko) Chrome/98.0.4758.81 Safari/537.36"
::1 - - [08/Feb/2022:06:50:01 +0000] "GET /undefined HTTP/1.1" 404 148 "http://localhost:8000/" "Mozilla/5.0 (Windows NT 10.0; Win64; x64) AppleWebKit/537.36 (KHTML, like Gecko) Chrome/98.0.4758.81 Safari/537.36"
::1 - - [08/Feb/2022:06:50:02 +0000] "GET /undefined HTTP/1.1" 404 148 "http://localhost:8000/" "Mozilla/5.0 (Windows NT 10.0; Win64; x64) AppleWebKit/537.36 (KHTML, like Gecko) Chrome/98.0.4758.81 Safari/537.36"
::1 - - [08/Feb/2022:06:50:02 +0000] "GET /undefined HTTP/1.1" 404 148 "http://localhost:8000/" "Mozilla/5.0 (Windows NT 10.0; Win64; x64) AppleWebKit/537.36 (KHTML, like Gecko) Chrome/98.0.4758.81 Safari/537.36"
::1 - - [08/Feb/2022:06:50:02 +0000] "GET /undefined HTTP/1.1" 404 148 "http://localhost:8000/" "Mozilla/5.0 (Windows NT 10.0; Win64; x64) AppleWebKit/537.36 (KHTML, like Gecko) Chrome/98.0.4758.81 Safari/537.36"
::1 - - [08/Feb/2022:06:50:02 +0000] "GET /undefined HTTP/1.1" 404 148 "http://localhost:8000/" "Mozilla/5.0 (Windows NT 10.0; Win64; x64) AppleWebKit/537.36 (KHTML, like Gecko) Chrome/98.0.4758.81 Safari/537.36"
::1 - - [08/Feb/2022:06:50:07 +0000] "POST /comment/create HTTP/1.1" 302 46 "http://localhost:8000/" "Mozilla/5.0 (Windows NT 10.0; Win64; x64) AppleWebKit/537.36 (KHTML, like Gecko) Chrome/98.0.4758.81 Safari/537.36"
::1 - - [08/Feb/2022:06:50:08 +0000] "GET / HTTP/1.1" 200 8877 "http://localhost:8000/" "Mozilla/5.0 (Windows NT 10.0; Win64; x64) AppleWebKit/537.36 (KHTML, like Gecko) Chrome/98.0.4758.81 Safari/537.36"
::1 - - [08/Feb/2022:06:50:08 +0000] "GET /undefined HTTP/1.1" 404 148 "http://localhost:8000/" "Mozilla/5.0 (Windows NT 10.0; Win64; x64) AppleWebKit/537.36 (KHTML, like Gecko) Chrome/98.0.4758.81 Safari/537.36"
::1 - - [08/Feb/2022:06:50:08 +0000] "GET /undefined HTTP/1.1" 404 148 "http://localhost:8000/" "Mozilla/5.0 (Windows NT 10.0; Win64; x64) AppleWebKit/537.36 (KHTML, like Gecko) Chrome/98.0.4758.81 Safari/537.36"
::1 - - [08/Feb/2022:06:50:08 +0000] "GET /undefined HTTP/1.1" 404 148 "http://localhost:8000/" "Mozilla/5.0 (Windows NT 10.0; Win64; x64) AppleWebKit/537.36 (KHTML, like Gecko) Chrome/98.0.4758.81 Safari/537.36"
::1 - - [08/Feb/2022:06:50:08 +0000] "GET /undefined HTTP/1.1" 404 148 "http://localhost:8000/" "Mozilla/5.0 (Windows NT 10.0; Win64; x64) AppleWebKit/537.36 (KHTML, like Gecko) Chrome/98.0.4758.81 Safari/537.36"
::1 - - [08/Feb/2022:06:50:08 +0000] "GET /undefined HTTP/1.1" 404 148 "http://localhost:8000/" "Mozilla/5.0 (Windows NT 10.0; Win64; x64) AppleWebKit/537.36 (KHTML, like Gecko) Chrome/98.0.4758.81 Safari/537.36"
::1 - - [08/Feb/2022:06:50:20 +0000] "GET /post/destroy/620212993e1b149c90ae2b69 HTTP/1.1" 302 88 "http://localhost:8000/" "Mozilla/5.0 (Windows NT 10.0; Win64; x64) AppleWebKit/537.36 (KHTML, like Gecko) Chrome/98.0.4758.81 Safari/537.36"
::1 - - [08/Feb/2022:06:50:20 +0000] "GET / HTTP/1.1" 200 7578 "http://localhost:8000/" "Mozilla/5.0 (Windows NT 10.0; Win64; x64) AppleWebKit/537.36 (KHTML, like Gecko) Chrome/98.0.4758.81 Safari/537.36"
::1 - - [08/Feb/2022:06:50:20 +0000] "GET /undefined HTTP/1.1" 404 148 "http://localhost:8000/" "Mozilla/5.0 (Windows NT 10.0; Win64; x64) AppleWebKit/537.36 (KHTML, like Gecko) Chrome/98.0.4758.81 Safari/537.36"
::1 - - [08/Feb/2022:06:50:20 +0000] "GET /undefined HTTP/1.1" 404 148 "http://localhost:8000/" "Mozilla/5.0 (Windows NT 10.0; Win64; x64) AppleWebKit/537.36 (KHTML, like Gecko) Chrome/98.0.4758.81 Safari/537.36"
::1 - - [08/Feb/2022:06:50:20 +0000] "GET /undefined HTTP/1.1" 404 148 "http://localhost:8000/" "Mozilla/5.0 (Windows NT 10.0; Win64; x64) AppleWebKit/537.36 (KHTML, like Gecko) Chrome/98.0.4758.81 Safari/537.36"
::1 - - [08/Feb/2022:06:50:20 +0000] "GET /undefined HTTP/1.1" 404 148 "http://localhost:8000/" "Mozilla/5.0 (Windows NT 10.0; Win64; x64) AppleWebKit/537.36 (KHTML, like Gecko) Chrome/98.0.4758.81 Safari/537.36"
::1 - - [08/Feb/2022:06:50:20 +0000] "GET /undefined HTTP/1.1" 404 148 "http://localhost:8000/" "Mozilla/5.0 (Windows NT 10.0; Win64; x64) AppleWebKit/537.36 (KHTML, like Gecko) Chrome/98.0.4758.81 Safari/537.36"
::1 - - [08/Feb/2022:06:50:24 +0000] "GET /user/profile/62012dd576e670deca6b10d6 HTTP/1.1" 200 2803 "http://localhost:8000/" "Mozilla/5.0 (Windows NT 10.0; Win64; x64) AppleWebKit/537.36 (KHTML, like Gecko) Chrome/98.0.4758.81 Safari/537.36"
::1 - - [08/Feb/2022:06:50:24 +0000] "GET /css/user_profile.css HTTP/1.1" 404 159 "http://localhost:8000/user/profile/62012dd576e670deca6b10d6" "Mozilla/5.0 (Windows NT 10.0; Win64; x64) AppleWebKit/537.36 (KHTML, like Gecko) Chrome/98.0.4758.81 Safari/537.36"
::1 - - [08/Feb/2022:06:50:24 +0000] "GET /js/toggle_friend.js HTTP/1.1" 404 158 "http://localhost:8000/user/profile/62012dd576e670deca6b10d6" "Mozilla/5.0 (Windows NT 10.0; Win64; x64) AppleWebKit/537.36 (KHTML, like Gecko) Chrome/98.0.4758.81 Safari/537.36"
::1 - - [08/Feb/2022:06:50:26 +0000] "GET /friend/add-friend/?id=62012dd576e670deca6b10d6 HTTP/1.1" 302 162 "http://localhost:8000/user/profile/62012dd576e670deca6b10d6" "Mozilla/5.0 (Windows NT 10.0; Win64; x64) AppleWebKit/537.36 (KHTML, like Gecko) Chrome/98.0.4758.81 Safari/537.36"
::1 - - [08/Feb/2022:06:50:26 +0000] "GET /user/profile/62012dd576e670deca6b10d6 HTTP/1.1" 200 2679 "http://localhost:8000/user/profile/62012dd576e670deca6b10d6" "Mozilla/5.0 (Windows NT 10.0; Win64; x64) AppleWebKit/537.36 (KHTML, like Gecko) Chrome/98.0.4758.81 Safari/537.36"
::1 - - [08/Feb/2022:06:50:26 +0000] "GET /css/user_profile.css HTTP/1.1" 404 159 "http://localhost:8000/user/profile/62012dd576e670deca6b10d6" "Mozilla/5.0 (Windows NT 10.0; Win64; x64) AppleWebKit/537.36 (KHTML, like Gecko) Chrome/98.0.4758.81 Safari/537.36"
::1 - - [08/Feb/2022:06:50:26 +0000] "GET /js/toggle_friend.js HTTP/1.1" 404 158 "http://localhost:8000/user/profile/62012dd576e670deca6b10d6" "Mozilla/5.0 (Windows NT 10.0; Win64; x64) AppleWebKit/537.36 (KHTML, like Gecko) Chrome/98.0.4758.81 Safari/537.36"
::1 - - [08/Feb/2022:06:50:28 +0000] "GET /user/profile/62012dd576e670deca6b10d6 HTTP/1.1" 304 - "http://localhost:8000/user/profile/62012dd576e670deca6b10d6" "Mozilla/5.0 (Windows NT 10.0; Win64; x64) AppleWebKit/537.36 (KHTML, like Gecko) Chrome/98.0.4758.81 Safari/537.36"
::1 - - [08/Feb/2022:06:50:28 +0000] "GET /css/user_profile.css HTTP/1.1" 404 159 "http://localhost:8000/user/profile/62012dd576e670deca6b10d6" "Mozilla/5.0 (Windows NT 10.0; Win64; x64) AppleWebKit/537.36 (KHTML, like Gecko) Chrome/98.0.4758.81 Safari/537.36"
::1 - - [08/Feb/2022:06:50:28 +0000] "GET /js/toggle_friend.js HTTP/1.1" 404 158 "http://localhost:8000/user/profile/62012dd576e670deca6b10d6" "Mozilla/5.0 (Windows NT 10.0; Win64; x64) AppleWebKit/537.36 (KHTML, like Gecko) Chrome/98.0.4758.81 Safari/537.36"
::1 - - [08/Feb/2022:06:50:30 +0000] "GET /user/profile/62012dd576e670deca6b10d6 HTTP/1.1" 304 - "http://localhost:8000/" "Mozilla/5.0 (Windows NT 10.0; Win64; x64) AppleWebKit/537.36 (KHTML, like Gecko) Chrome/98.0.4758.81 Safari/537.36"
::1 - - [08/Feb/2022:06:50:30 +0000] "GET /css/user_profile.css HTTP/1.1" 404 159 "http://localhost:8000/user/profile/62012dd576e670deca6b10d6" "Mozilla/5.0 (Windows NT 10.0; Win64; x64) AppleWebKit/537.36 (KHTML, like Gecko) Chrome/98.0.4758.81 Safari/537.36"
::1 - - [08/Feb/2022:06:50:30 +0000] "GET /js/toggle_friend.js HTTP/1.1" 404 158 "http://localhost:8000/user/profile/62012dd576e670deca6b10d6" "Mozilla/5.0 (Windows NT 10.0; Win64; x64) AppleWebKit/537.36 (KHTML, like Gecko) Chrome/98.0.4758.81 Safari/537.36"
::1 - - [08/Feb/2022:06:50:31 +0000] "GET /user/profile/62012dd576e670deca6b10d6 HTTP/1.1" 304 - "http://localhost:8000/" "Mozilla/5.0 (Windows NT 10.0; Win64; x64) AppleWebKit/537.36 (KHTML, like Gecko) Chrome/98.0.4758.81 Safari/537.36"
::1 - - [08/Feb/2022:06:50:31 +0000] "GET /css/user_profile.css HTTP/1.1" 404 159 "http://localhost:8000/user/profile/62012dd576e670deca6b10d6" "Mozilla/5.0 (Windows NT 10.0; Win64; x64) AppleWebKit/537.36 (KHTML, like Gecko) Chrome/98.0.4758.81 Safari/537.36"
::1 - - [08/Feb/2022:06:50:31 +0000] "GET /js/toggle_friend.js HTTP/1.1" 404 158 "http://localhost:8000/user/profile/62012dd576e670deca6b10d6" "Mozilla/5.0 (Windows NT 10.0; Win64; x64) AppleWebKit/537.36 (KHTML, like Gecko) Chrome/98.0.4758.81 Safari/537.36"
::1 - - [08/Feb/2022:06:50:31 +0000] "GET /undefined HTTP/1.1" 404 148 "http://localhost:8000/" "Mozilla/5.0 (Windows NT 10.0; Win64; x64) AppleWebKit/537.36 (KHTML, like Gecko) Chrome/98.0.4758.81 Safari/537.36"
::1 - - [08/Feb/2022:06:50:34 +0000] "GET /user/sign-out HTTP/1.1" 302 46 "http://localhost:8000/" "Mozilla/5.0 (Windows NT 10.0; Win64; x64) AppleWebKit/537.36 (KHTML, like Gecko) Chrome/98.0.4758.81 Safari/537.36"
::1 - - [08/Feb/2022:06:50:34 +0000] "GET / HTTP/1.1" 200 5699 "http://localhost:8000/" "Mozilla/5.0 (Windows NT 10.0; Win64; x64) AppleWebKit/537.36 (KHTML, like Gecko) Chrome/98.0.4758.81 Safari/537.36"
::1 - - [08/Feb/2022:06:50:34 +0000] "GET /undefined HTTP/1.1" 404 148 "http://localhost:8000/" "Mozilla/5.0 (Windows NT 10.0; Win64; x64) AppleWebKit/537.36 (KHTML, like Gecko) Chrome/98.0.4758.81 Safari/537.36"
::1 - - [08/Feb/2022:06:50:34 +0000] "GET /undefined HTTP/1.1" 404 148 "http://localhost:8000/" "Mozilla/5.0 (Windows NT 10.0; Win64; x64) AppleWebKit/537.36 (KHTML, like Gecko) Chrome/98.0.4758.81 Safari/537.36"
::1 - - [08/Feb/2022:06:50:34 +0000] "GET /undefined HTTP/1.1" 404 148 "http://localhost:8000/" "Mozilla/5.0 (Windows NT 10.0; Win64; x64) AppleWebKit/537.36 (KHTML, like Gecko) Chrome/98.0.4758.81 Safari/537.36"
::1 - - [08/Feb/2022:06:50:34 +0000] "GET /undefined HTTP/1.1" 404 148 "http://localhost:8000/" "Mozilla/5.0 (Windows NT 10.0; Win64; x64) AppleWebKit/537.36 (KHTML, like Gecko) Chrome/98.0.4758.81 Safari/537.36"
::1 - - [08/Feb/2022:06:50:35 +0000] "GET /user/sign-in HTTP/1.1" 304 - "http://localhost:8000/" "Mozilla/5.0 (Windows NT 10.0; Win64; x64) AppleWebKit/537.36 (KHTML, like Gecko) Chrome/98.0.4758.81 Safari/537.36"
::1 - - [08/Feb/2022:06:50:39 +0000] "POST /user/create-session HTTP/1.1" 302 46 "http://localhost:8000/user/sign-in" "Mozilla/5.0 (Windows NT 10.0; Win64; x64) AppleWebKit/537.36 (KHTML, like Gecko) Chrome/98.0.4758.81 Safari/537.36"
::1 - - [08/Feb/2022:06:50:39 +0000] "GET / HTTP/1.1" 200 7440 "http://localhost:8000/user/sign-in" "Mozilla/5.0 (Windows NT 10.0; Win64; x64) AppleWebKit/537.36 (KHTML, like Gecko) Chrome/98.0.4758.81 Safari/537.36"
::1 - - [08/Feb/2022:06:50:40 +0000] "GET /undefined HTTP/1.1" 404 148 "http://localhost:8000/" "Mozilla/5.0 (Windows NT 10.0; Win64; x64) AppleWebKit/537.36 (KHTML, like Gecko) Chrome/98.0.4758.81 Safari/537.36"
::1 - - [08/Feb/2022:06:50:40 +0000] "GET /undefined HTTP/1.1" 404 148 "http://localhost:8000/" "Mozilla/5.0 (Windows NT 10.0; Win64; x64) AppleWebKit/537.36 (KHTML, like Gecko) Chrome/98.0.4758.81 Safari/537.36"
::1 - - [08/Feb/2022:06:50:40 +0000] "GET /undefined HTTP/1.1" 404 148 "http://localhost:8000/" "Mozilla/5.0 (Windows NT 10.0; Win64; x64) AppleWebKit/537.36 (KHTML, like Gecko) Chrome/98.0.4758.81 Safari/537.36"
::1 - - [08/Feb/2022:06:50:40 +0000] "GET /undefined HTTP/1.1" 404 148 "http://localhost:8000/" "Mozilla/5.0 (Windows NT 10.0; Win64; x64) AppleWebKit/537.36 (KHTML, like Gecko) Chrome/98.0.4758.81 Safari/537.36"
::1 - - [08/Feb/2022:06:50:40 +0000] "GET /undefined HTTP/1.1" 404 148 "http://localhost:8000/" "Mozilla/5.0 (Windows NT 10.0; Win64; x64) AppleWebKit/537.36 (KHTML, like Gecko) Chrome/98.0.4758.81 Safari/537.36"
::1 - - [08/Feb/2022:06:51:44 +0000] "GET / HTTP/1.1" 200 7200 "http://localhost:8000/user/sign-in" "Mozilla/5.0 (Windows NT 10.0; Win64; x64) AppleWebKit/537.36 (KHTML, like Gecko) Chrome/98.0.4758.81 Safari/537.36"
::1 - - [08/Feb/2022:06:51:44 +0000] "GET /undefined HTTP/1.1" 404 148 "http://localhost:8000/" "Mozilla/5.0 (Windows NT 10.0; Win64; x64) AppleWebKit/537.36 (KHTML, like Gecko) Chrome/98.0.4758.81 Safari/537.36"
::1 - - [08/Feb/2022:06:51:44 +0000] "GET /undefined HTTP/1.1" 404 148 "http://localhost:8000/" "Mozilla/5.0 (Windows NT 10.0; Win64; x64) AppleWebKit/537.36 (KHTML, like Gecko) Chrome/98.0.4758.81 Safari/537.36"
::1 - - [08/Feb/2022:06:51:44 +0000] "GET /undefined HTTP/1.1" 404 148 "http://localhost:8000/" "Mozilla/5.0 (Windows NT 10.0; Win64; x64) AppleWebKit/537.36 (KHTML, like Gecko) Chrome/98.0.4758.81 Safari/537.36"
::1 - - [08/Feb/2022:06:51:44 +0000] "GET /undefined HTTP/1.1" 404 148 "http://localhost:8000/" "Mozilla/5.0 (Windows NT 10.0; Win64; x64) AppleWebKit/537.36 (KHTML, like Gecko) Chrome/98.0.4758.81 Safari/537.36"
::1 - - [08/Feb/2022:06:51:45 +0000] "GET /undefined HTTP/1.1" 404 148 "http://localhost:8000/" "Mozilla/5.0 (Windows NT 10.0; Win64; x64) AppleWebKit/537.36 (KHTML, like Gecko) Chrome/98.0.4758.81 Safari/537.36"
::1 - - [08/Feb/2022:06:52:08 +0000] "GET /likes/toggle/?id=6202129f3e1b149c90ae2b7b&type=Comment HTTP/1.1" 404 152 "http://localhost:8000/" "Mozilla/5.0 (Windows NT 10.0; Win64; x64) AppleWebKit/537.36 (KHTML, like Gecko) Chrome/98.0.4758.81 Safari/537.36"
::1 - - [08/Feb/2022:06:52:11 +0000] "GET /likes/toggle/?id=6202129f3e1b149c90ae2b7b&type=Comment HTTP/1.1" 404 152 "http://localhost:8000/" "Mozilla/5.0 (Windows NT 10.0; Win64; x64) AppleWebKit/537.36 (KHTML, like Gecko) Chrome/98.0.4758.81 Safari/537.36"
::1 - - [08/Feb/2022:06:52:12 +0000] "GET /undefined HTTP/1.1" 404 148 "http://localhost:8000/" "Mozilla/5.0 (Windows NT 10.0; Win64; x64) AppleWebKit/537.36 (KHTML, like Gecko) Chrome/98.0.4758.81 Safari/537.36"
::1 - - [08/Feb/2022:06:52:13 +0000] "GET /likes/toggle/?id=62012ddd76e670deca6b10de&type=Post HTTP/1.1" 404 152 "http://localhost:8000/" "Mozilla/5.0 (Windows NT 10.0; Win64; x64) AppleWebKit/537.36 (KHTML, like Gecko) Chrome/98.0.4758.81 Safari/537.36"
::1 - - [08/Feb/2022:06:52:14 +0000] "GET /likes/toggle/?id=62012ddd76e670deca6b10de&type=Post HTTP/1.1" 404 152 "http://localhost:8000/" "Mozilla/5.0 (Windows NT 10.0; Win64; x64) AppleWebKit/537.36 (KHTML, like Gecko) Chrome/98.0.4758.81 Safari/537.36"
::1 - - [08/Feb/2022:06:52:45 +0000] "GET /likes/toggle/?id=62012ddd76e670deca6b10de&type=Post HTTP/1.1" 404 152 "http://localhost:8000/" "Mozilla/5.0 (Windows NT 10.0; Win64; x64) AppleWebKit/537.36 (KHTML, like Gecko) Chrome/98.0.4758.81 Safari/537.36"
::ffff:127.0.0.1 - - [08/Feb/2022:07:01:10 +0000] "GET /likes/toggle/?id=62012ddd76e670deca6b10de&type=Post HTTP/1.1" 404 152 "http://localhost:8000/" "Mozilla/5.0 (Windows NT 10.0; Win64; x64) AppleWebKit/537.36 (KHTML, like Gecko) Chrome/98.0.4758.81 Safari/537.36"
::ffff:127.0.0.1 - - [08/Feb/2022:07:01:12 +0000] "GET /likes/toggle/?id=62012ddd76e670deca6b10de&type=Post HTTP/1.1" 404 152 "http://localhost:8000/" "Mozilla/5.0 (Windows NT 10.0; Win64; x64) AppleWebKit/537.36 (KHTML, like Gecko) Chrome/98.0.4758.81 Safari/537.36"
::ffff:127.0.0.1 - - [08/Feb/2022:07:01:13 +0000] "GET /likes/toggle/?id=62012ddd76e670deca6b10de&type=Post HTTP/1.1" 404 152 "http://localhost:8000/" "Mozilla/5.0 (Windows NT 10.0; Win64; x64) AppleWebKit/537.36 (KHTML, like Gecko) Chrome/98.0.4758.81 Safari/537.36"
::ffff:127.0.0.1 - - [08/Feb/2022:07:01:14 +0000] "GET /likes/toggle/?id=62012ddd76e670deca6b10de&type=Post HTTP/1.1" 404 152 "http://localhost:8000/" "Mozilla/5.0 (Windows NT 10.0; Win64; x64) AppleWebKit/537.36 (KHTML, like Gecko) Chrome/98.0.4758.81 Safari/537.36"
::ffff:127.0.0.1 - - [08/Feb/2022:07:01:14 +0000] "GET /likes/toggle/?id=62012ddd76e670deca6b10de&type=Post HTTP/1.1" 404 152 "http://localhost:8000/" "Mozilla/5.0 (Windows NT 10.0; Win64; x64) AppleWebKit/537.36 (KHTML, like Gecko) Chrome/98.0.4758.81 Safari/537.36"
::ffff:127.0.0.1 - - [08/Feb/2022:07:01:14 +0000] "GET /likes/toggle/?id=62012ddd76e670deca6b10de&type=Post HTTP/1.1" 404 152 "http://localhost:8000/" "Mozilla/5.0 (Windows NT 10.0; Win64; x64) AppleWebKit/537.36 (KHTML, like Gecko) Chrome/98.0.4758.81 Safari/537.36"
::ffff:127.0.0.1 - - [08/Feb/2022:07:01:14 +0000] "GET /likes/toggle/?id=62012ddd76e670deca6b10de&type=Post HTTP/1.1" 404 152 "http://localhost:8000/" "Mozilla/5.0 (Windows NT 10.0; Win64; x64) AppleWebKit/537.36 (KHTML, like Gecko) Chrome/98.0.4758.81 Safari/537.36"
::ffff:127.0.0.1 - - [08/Feb/2022:07:01:16 +0000] "GET / HTTP/1.1" 200 7283 "http://localhost:8000/user/sign-in" "Mozilla/5.0 (Windows NT 10.0; Win64; x64) AppleWebKit/537.36 (KHTML, like Gecko) Chrome/98.0.4758.81 Safari/537.36"
::ffff:127.0.0.1 - - [08/Feb/2022:07:01:16 +0000] "GET / HTTP/1.1" 304 - "http://localhost:8000/user/sign-in" "Mozilla/5.0 (Windows NT 10.0; Win64; x64) AppleWebKit/537.36 (KHTML, like Gecko) Chrome/98.0.4758.81 Safari/537.36"
::1 - - [08/Feb/2022:07:01:16 +0000] "GET / HTTP/1.1" 304 - "http://localhost:8000/user/sign-in" "Mozilla/5.0 (Windows NT 10.0; Win64; x64) AppleWebKit/537.36 (KHTML, like Gecko) Chrome/98.0.4758.81 Safari/537.36"
::ffff:127.0.0.1 - - [08/Feb/2022:07:01:17 +0000] "POST /likes/toggle/?id=62012ddd76e670deca6b10de&type=Post HTTP/1.1" 200 81 "http://localhost:8000/" "Mozilla/5.0 (Windows NT 10.0; Win64; x64) AppleWebKit/537.36 (KHTML, like Gecko) Chrome/98.0.4758.81 Safari/537.36"
::ffff:127.0.0.1 - - [08/Feb/2022:07:01:18 +0000] "POST /likes/toggle/?id=62012ddd76e670deca6b10de&type=Post HTTP/1.1" 200 80 "http://localhost:8000/" "Mozilla/5.0 (Windows NT 10.0; Win64; x64) AppleWebKit/537.36 (KHTML, like Gecko) Chrome/98.0.4758.81 Safari/537.36"
::ffff:127.0.0.1 - - [08/Feb/2022:07:01:23 +0000] "POST /likes/toggle/?id=62012ddf76e670deca6b10e3&type=Comment HTTP/1.1" 200 81 "http://localhost:8000/" "Mozilla/5.0 (Windows NT 10.0; Win64; x64) AppleWebKit/537.36 (KHTML, like Gecko) Chrome/98.0.4758.81 Safari/537.36"
::ffff:127.0.0.1 - - [08/Feb/2022:07:01:23 +0000] "POST /likes/toggle/?id=62012ddf76e670deca6b10e3&type=Comment HTTP/1.1" 200 80 "http://localhost:8000/" "Mozilla/5.0 (Windows NT 10.0; Win64; x64) AppleWebKit/537.36 (KHTML, like Gecko) Chrome/98.0.4758.81 Safari/537.36"
::ffff:127.0.0.1 - - [08/Feb/2022:07:01:24 +0000] "POST /likes/toggle/?id=6202129f3e1b149c90ae2b7b&type=Comment HTTP/1.1" 200 81 "http://localhost:8000/" "Mozilla/5.0 (Windows NT 10.0; Win64; x64) AppleWebKit/537.36 (KHTML, like Gecko) Chrome/98.0.4758.81 Safari/537.36"
::ffff:127.0.0.1 - - [08/Feb/2022:07:01:24 +0000] "POST /likes/toggle/?id=6202129f3e1b149c90ae2b7b&type=Comment HTTP/1.1" 200 80 "http://localhost:8000/" "Mozilla/5.0 (Windows NT 10.0; Win64; x64) AppleWebKit/537.36 (KHTML, like Gecko) Chrome/98.0.4758.81 Safari/537.36"
::ffff:127.0.0.1 - - [08/Feb/2022:07:01:27 +0000] "GET / HTTP/1.1" 304 - "http://localhost:8000/user/sign-in" "Mozilla/5.0 (Windows NT 10.0; Win64; x64) AppleWebKit/537.36 (KHTML, like Gecko) Chrome/98.0.4758.81 Safari/537.36"
::1 - - [08/Feb/2022:07:01:34 +0000] "GET /post/destroy/62012ddd76e670deca6b10de HTTP/1.1" 200 85 "http://localhost:8000/" "Mozilla/5.0 (Windows NT 10.0; Win64; x64) AppleWebKit/537.36 (KHTML, like Gecko) Chrome/98.0.4758.81 Safari/537.36"
::1 - - [08/Feb/2022:07:01:36 +0000] "POST /post/create HTTP/1.1" 200 426 "http://localhost:8000/" "Mozilla/5.0 (Windows NT 10.0; Win64; x64) AppleWebKit/537.36 (KHTML, like Gecko) Chrome/98.0.4758.81 Safari/537.36"
::1 - - [08/Feb/2022:07:01:38 +0000] "POST /comment/create HTTP/1.1" 200 330 "http://localhost:8000/" "Mozilla/5.0 (Windows NT 10.0; Win64; x64) AppleWebKit/537.36 (KHTML, like Gecko) Chrome/98.0.4758.81 Safari/537.36"
